2026-01-08T21:00Z governator -> update applied: updated _governator/lib/queues.sh, updated _governator/lib/status.sh
2026-01-08T21:02Z 000-architecture-bootstrap-architect -> created bootstrap task
2026-01-08T21:02Z 000-architecture-bootstrap-architect -> assigned to architect
2026-01-08T21:02Z 000-architecture-bootstrap-architect -> worker architect started
2026-01-08T21:07Z 000-architecture-bootstrap-architect -> worker elapsed architect: 274s
2026-01-08T21:07Z 000-architecture-bootstrap-architect -> starting review for 000-architecture-bootstrap-architect
2026-01-08T21:07Z 000-architecture-bootstrap-architect -> worker reviewer started
2026-01-08T21:09Z 000-architecture-bootstrap-architect -> recovered reviewer output and pushed branch
2026-01-08T21:09Z 000-architecture-bootstrap-architect -> worker elapsed reviewer: 106s
2026-01-08T21:09Z 000-architecture-bootstrap-architect -> review decision: reject
2026-01-08T21:09Z 000-architecture-bootstrap-architect -> moved to task-assigned
2026-01-08T21:09Z 000-architecture-bootstrap-architect -> retrying architect task
2026-01-08T21:09Z 000-architecture-bootstrap-architect -> worker architect started
2026-01-08T21:11Z 000-architecture-bootstrap-architect -> worker elapsed architect: 121s
2026-01-08T21:11Z 000-architecture-bootstrap-architect -> starting review for 000-architecture-bootstrap-architect
2026-01-08T21:11Z 000-architecture-bootstrap-architect -> worker reviewer started
2026-01-08T21:13Z 000-architecture-bootstrap-architect -> worker elapsed reviewer: 123s
2026-01-08T21:13Z 000-architecture-bootstrap-architect -> review decision: approve
2026-01-08T21:13Z 000-architecture-bootstrap-architect -> moved to task-done
2026-01-08T21:13Z 000-gap-analysis-planner -> created gap-analysis planner task
2026-01-08T21:13Z 000-gap-analysis-planner -> retrying planner task
2026-01-08T21:13Z 000-gap-analysis-planner -> worker planner started
2026-01-08T21:13Z 000-architecture-bootstrap-architect -> archived to task-archive
2026-01-08T21:22Z 000-gap-analysis-planner -> worker elapsed planner: 535s
2026-01-08T21:22Z 000-gap-analysis-planner -> starting review for 000-gap-analysis-planner
2026-01-08T21:22Z 000-gap-analysis-planner -> worker reviewer started
2026-01-08T21:24Z 000-gap-analysis-planner -> recovered reviewer output and pushed branch
2026-01-08T21:24Z 000-gap-analysis-planner -> worker elapsed reviewer: 92s
2026-01-08T21:24Z 000-gap-analysis-planner -> review decision: approve
2026-01-08T21:24Z 000-gap-analysis-planner -> moved to task-done
2026-01-08T21:24Z 000-gap-analysis-planner -> archived to task-archive
2026-01-08T21:24Z 001-define-config-schema-architect -> assigned to architect
2026-01-08T21:24Z 001-define-config-schema-architect -> worker architect started
2026-01-08T21:24Z 002-define-logging-conventions-architect -> assigned to architect
2026-01-08T21:24Z 002-define-logging-conventions-architect -> worker architect started
2026-01-08T21:24Z 003-cli-entrypoint-generalist -> assigned to generalist
2026-01-08T21:24Z 003-cli-entrypoint-generalist -> worker generalist started
2026-01-08T21:24Z 004-config-loading-generalist -> assigned to generalist
2026-01-08T21:24Z 004-config-loading-generalist -> worker generalist started
2026-01-08T21:25Z 005-preflight-and-logging-generalist -> assigned to generalist
2026-01-08T21:25Z 005-preflight-and-logging-generalist -> worker generalist started
2026-01-08T21:25Z 003-cli-entrypoint-generalist -> worker elapsed generalist: 45s
2026-01-08T21:25Z 003-cli-entrypoint-generalist -> starting review for 003-cli-entrypoint-generalist
2026-01-08T21:25Z 003-cli-entrypoint-generalist -> worker reviewer started
2026-01-08T21:25Z 004-config-loading-generalist -> worker elapsed generalist: 45s
2026-01-08T21:25Z 004-config-loading-generalist -> retrying generalist task
2026-01-08T21:25Z 004-config-loading-generalist -> worker generalist started
2026-01-08T21:26Z 005-preflight-and-logging-generalist -> worker elapsed generalist: 74s
2026-01-08T21:26Z 005-preflight-and-logging-generalist -> retrying generalist task
2026-01-08T21:26Z 005-preflight-and-logging-generalist -> worker generalist started
